build/app/intermediates/manifest_merge_blame_file/debug/manifest-merger-blame-debug-report.txt
1<?xml version="1.0" encoding="utf-8"?>
2<manifest xmlns:android="http://schemas.android.com/apk/res/android"
3    package="com.example.my_app"
4    android:versionCode="1"
5    android:versionName="1.0.0" >
6
7    <uses-sdk
8        android:minSdkVersion="16"
9        android:targetSdkVersion="30" />
10    <!--
11         Flutter needs it to communicate with the running application
12         to allow setting breakpoints, to provide hot reload, etc.
13    -->
14    <uses-permission android:name="android.permission.INTERNET" />
14-->src/main/AndroidManifest.xml:3:4-65
14-->src/main/AndroidManifest.xml:3:21-63
15    <uses-permission android:name="android.permission.QUERY_ALL_PACKAGES" />
15-->src/main/AndroidManifest.xml:4:4-75
15-->src/main/AndroidManifest.xml:4:21-73
16
17    <application
17-->src/main/AndroidManifest.xml:5:4-57:19
18        android:appComponentFactory="androidx.core.app.CoreComponentFactory"
18-->[androidx.core:core:1.1.0] AndroidManifest.xml:24:18-86
19        android:debuggable="true"
20        android:icon="@mipmap/ic_launcher"
20-->src/main/AndroidManifest.xml:7:9-43
21        android:label="Todo App" >
21-->src/main/AndroidManifest.xml:6:9-33
22        <meta-data
22-->src/main/AndroidManifest.xml:8:9-107
23            android:name="com.facebook.sdk.ApplicationId"
23-->src/main/AndroidManifest.xml:8:20-65
24            android:value="@string/facebook_app_id" />
24-->src/main/AndroidManifest.xml:8:66-105
25
26        <activity
26-->src/main/AndroidManifest.xml:10:2-12:41
27            android:name="com.facebook.FacebookActivity"
27-->src/main/AndroidManifest.xml:10:12-56
28            android:configChanges="keyboard|keyboardHidden|screenLayout|screenSize|orientation"
28-->src/main/AndroidManifest.xml:11:6-89
29            android:label="@string/app_name" />
29-->src/main/AndroidManifest.xml:12:6-38
30        <activity
30-->src/main/AndroidManifest.xml:13:2-22:13
31            android:name="com.facebook.CustomTabActivity"
31-->src/main/AndroidManifest.xml:14:6-51
32            android:exported="true" >
32-->src/main/AndroidManifest.xml:15:6-29
33            <intent-filter>
33-->src/main/AndroidManifest.xml:16:6-21:22
34                <action android:name="android.intent.action.VIEW" />
34-->src/main/AndroidManifest.xml:17:10-62
34-->src/main/AndroidManifest.xml:17:18-59
35
36                <category android:name="android.intent.category.DEFAULT" />
36-->src/main/AndroidManifest.xml:18:10-69
36-->src/main/AndroidManifest.xml:18:20-66
37                <category android:name="android.intent.category.BROWSABLE" />
37-->src/main/AndroidManifest.xml:19:10-71
37-->src/main/AndroidManifest.xml:19:20-68
38
39                <data android:scheme="@string/fb_login_protocol_scheme" />
39-->src/main/AndroidManifest.xml:20:10-68
39-->src/main/AndroidManifest.xml:20:16-65
40            </intent-filter>
41        </activity>
42        <activity
42-->src/main/AndroidManifest.xml:23:9-51:20
43            android:name="com.example.my_app.MainActivity"
43-->src/main/AndroidManifest.xml:24:13-41
44            android:configChanges="orientation|keyboardHidden|keyboard|screenSize|smallestScreenSize|locale|layoutDirection|fontScale|screenLayout|density|uiMode"
44-->src/main/AndroidManifest.xml:27:13-163
45            android:hardwareAccelerated="true"
45-->src/main/AndroidManifest.xml:28:13-47
46            android:launchMode="singleTop"
46-->src/main/AndroidManifest.xml:25:13-43
47            android:theme="@style/LaunchTheme"
47-->src/main/AndroidManifest.xml:26:13-47
48            android:windowSoftInputMode="adjustResize" >
48-->src/main/AndroidManifest.xml:29:13-55
49
50            <!--
51                 Specifies an Android theme to apply to this Activity as soon as
52                 the Android process has started. This theme is visible to the user
53                 while the Flutter UI initializes. After that, this theme continues
54                 to determine the Window background behind the Flutter UI.
55            -->
56            <meta-data
56-->src/main/AndroidManifest.xml:34:13-37:17
57                android:name="io.flutter.embedding.android.NormalTheme"
57-->src/main/AndroidManifest.xml:35:15-70
58                android:resource="@style/NormalTheme" />
58-->src/main/AndroidManifest.xml:36:15-52
59            <!--
60                 Displays an Android View that continues showing the launch screen
61                 Drawable until Flutter paints its first frame, then this splash
62                 screen fades out. A splash screen is useful to avoid any visual
63                 gap between the end of Android's launch screen and the painting of
64                 Flutter's first frame.
65            -->
66            <meta-data
66-->src/main/AndroidManifest.xml:43:13-46:17
67                android:name="io.flutter.embedding.android.SplashScreenDrawable"
67-->src/main/AndroidManifest.xml:44:15-79
68                android:resource="@drawable/launch_background" />
68-->src/main/AndroidManifest.xml:45:15-61
69
70            <intent-filter>
70-->src/main/AndroidManifest.xml:47:13-50:29
71                <action android:name="android.intent.action.MAIN" />
71-->src/main/AndroidManifest.xml:48:17-68
71-->src/main/AndroidManifest.xml:48:25-66
72
73                <category android:name="android.intent.category.LAUNCHER" />
73-->src/main/AndroidManifest.xml:49:17-76
73-->src/main/AndroidManifest.xml:49:27-74
74            </intent-filter>
75        </activity>
76        <!--
77             Don't delete the meta-data below.
78             This is used by the Flutter tool to generate GeneratedPluginRegistrant.java
79        -->
80        <meta-data
80-->src/main/AndroidManifest.xml:54:9-56:33
81            android:name="flutterEmbedding"
81-->src/main/AndroidManifest.xml:55:13-44
82            android:value="2" />
82-->src/main/AndroidManifest.xml:56:13-30
83
84        <provider
84-->[:image_picker] AndroidManifest.xml:8:9-16:20
85            android:name="io.flutter.plugins.imagepicker.ImagePickerFileProvider"
85-->[:image_picker] AndroidManifest.xml:9:13-82
86            android:authorities="com.example.my_app.flutter.image_provider"
86-->[:image_picker] AndroidManifest.xml:10:13-74
87            android:exported="false"
87-->[:image_picker] AndroidManifest.xml:11:13-37
88            android:grantUriPermissions="true" >
88-->[:image_picker] AndroidManifest.xml:12:13-47
89            <meta-data
89-->[:image_picker] AndroidManifest.xml:13:13-15:75
90                android:name="android.support.FILE_PROVIDER_PATHS"
90-->[:image_picker] AndroidManifest.xml:14:17-67
91                android:resource="@xml/flutter_image_picker_file_paths" />
91-->[:image_picker] AndroidManifest.xml:15:17-72
92        </provider>
93        <provider
93-->[androidx.lifecycle:lifecycle-process:2.2.0] AndroidManifest.xml:25:9-29:43
94            android:name="androidx.lifecycle.ProcessLifecycleOwnerInitializer"
94-->[androidx.lifecycle:lifecycle-process:2.2.0] AndroidManifest.xml:26:13-79
95            android:authorities="com.example.my_app.lifecycle-process"
95-->[androidx.lifecycle:lifecycle-process:2.2.0] AndroidManifest.xml:27:13-69
96            android:exported="false"
96-->[androidx.lifecycle:lifecycle-process:2.2.0] AndroidManifest.xml:28:13-37
97            android:multiprocess="true" />
97-->[androidx.lifecycle:lifecycle-process:2.2.0] AndroidManifest.xml:29:13-40
98    </application>
99
100</manifest>